[01m[K/home/guillermo/anaconda3/envs/CenterNet/CenterNet/src/ROS/src/workspace/ros/semantic_slam_ws/src/semantic_slam/src/source/ps_graph_slam/graph_slam.cpp:41:1:[m[K [01;31m[Kerror: [m[Kno declaration matches â€˜[01m[Kps_graph_slam::GraphSLAM::GraphSLAM(bool)[m[Kâ€™
 [01;31m[KGraphSLAM[m[K::GraphSLAM(bool verbose) {
 [01;31m[K^~~~~~~~~[m[K
In file included from [01m[K/home/guillermo/anaconda3/envs/CenterNet/CenterNet/src/ROS/src/workspace/ros/semantic_slam_ws/src/semantic_slam/src/source/ps_graph_slam/graph_slam.cpp:1[m[K:
[01m[K/home/guillermo/anaconda3/envs/CenterNet/CenterNet/src/ROS/src/workspace/ros/semantic_slam_ws/src/semantic_slam/src/include/ps_graph_slam/graph_slam.hpp:25:7:[m[K [01;36m[Knote: [m[Kcandidates are: â€˜[01m[Kps_graph_slam::GraphSLAM::GraphSLAM(const ps_graph_slam::GraphSLAM&)[m[Kâ€™
 class [01;36m[KGraphSLAM[m[K {
       [01;36m[K^~~~~~~~~[m[K
[01m[K/home/guillermo/anaconda3/envs/CenterNet/CenterNet/src/ROS/src/workspace/ros/semantic_slam_ws/src/semantic_slam/src/include/ps_graph_slam/graph_slam.hpp:27:5:[m[K [01;36m[Knote: [m[K                â€˜[01m[Kps_graph_slam::GraphSLAM::GraphSLAM(bool, bool)[m[Kâ€™
     [01;36m[KGraphSLAM[m[K(bool verbose, bool use_centernet);
     [01;36m[K^~~~~~~~~[m[K
[01m[K/home/guillermo/anaconda3/envs/CenterNet/CenterNet/src/ROS/src/workspace/ros/semantic_slam_ws/src/semantic_slam/src/include/ps_graph_slam/graph_slam.hpp:25:7:[m[K [01;36m[Knote: [m[Kâ€˜[01m[Kclass ps_graph_slam::GraphSLAM[m[Kâ€™ defined here
 class [01;36m[KGraphSLAM[m[K {
       [01;36m[K^~~~~~~~~[m[K
make[2]: *** [CMakeFiles/SEMANTIC_SLAM.dir/src/source/ps_graph_slam/graph_slam.cpp.o] Error 1
make[2]: *** Se espera a que terminen otras tareas....
In file included from [01m[K/home/guillermo/anaconda3/envs/CenterNet/CenterNet/src/ROS/src/workspace/ros/semantic_slam_ws/src/semantic_slam/src/source/ps_graph_slam/semantic_graph_slam.cpp:1[m[K:
[01m[K/home/guillermo/anaconda3/envs/CenterNet/CenterNet/src/ROS/src/workspace/ros/semantic_slam_ws/src/semantic_slam/src/include/ps_graph_slam/semantic_graph_slam.h:91:37:[m[K [01;35m[Kwarning: [m[Kuse of â€˜[01m[Kauto[m[Kâ€™ in parameter declaration only available with -fconcepts
                               const [01;35m[Kauto[m[K current_keyframe);
                                     [01;35m[K^~~~[m[K
[01m[K/home/guillermo/anaconda3/envs/CenterNet/CenterNet/src/ROS/src/workspace/ros/semantic_slam_ws/src/semantic_slam/src/source/ps_graph_slam/semantic_graph_slam.cpp:15:6:[m[K [01;31m[Kerror: [m[Kno declaration matches â€˜[01m[Kvoid semantic_graph_slam::init(bool, bool)[m[Kâ€™
 void [01;31m[Ksemantic_graph_slam[m[K::init(bool verbose, bool use_centernet)
      [01;31m[K^~~~~~~~~~~~~~~~~~~[m[K
In file included from [01m[K/home/guillermo/anaconda3/envs/CenterNet/CenterNet/src/ROS/src/workspace/ros/semantic_slam_ws/src/semantic_slam/src/source/ps_graph_slam/semantic_graph_slam.cpp:1[m[K:
[01m[K/home/guillermo/anaconda3/envs/CenterNet/CenterNet/src/ROS/src/workspace/ros/semantic_slam_ws/src/semantic_slam/src/include/ps_graph_slam/semantic_graph_slam.h:39:10:[m[K [01;36m[Knote: [m[Kcandidate is: â€˜[01m[Kvoid semantic_graph_slam::init(bool)[m[Kâ€™
     void [01;36m[Kinit[m[K(bool verbose);
          [01;36m[K^~~~[m[K
[01m[K/home/guillermo/anaconda3/envs/CenterNet/CenterNet/src/ROS/src/workspace/ros/semantic_slam_ws/src/semantic_slam/src/include/ps_graph_slam/semantic_graph_slam.h:31:7:[m[K [01;36m[Knote: [m[Kâ€˜[01m[Kclass semantic_graph_slam[m[Kâ€™ defined here
 class [01;36m[Ksemantic_graph_slam[m[K
       [01;36m[K^~~~~~~~~~~~~~~~~~~[m[K
[01m[K/home/guillermo/anaconda3/envs/CenterNet/CenterNet/src/ROS/src/workspace/ros/semantic_slam_ws/src/semantic_slam/src/source/ps_graph_slam/semantic_graph_slam.cpp:[m[K In member function â€˜[01m[Kbool semantic_graph_slam::run()[m[Kâ€™:
[01m[K/home/guillermo/anaconda3/envs/CenterNet/CenterNet/src/ROS/src/workspace/ros/semantic_slam_ws/src/semantic_slam/src/source/ps_graph_slam/semantic_graph_slam.cpp:77:20:[m[K [01;31m[Kerror: [m[Kâ€˜[01m[Kuse_centernet_[m[Kâ€™ was not declared in this scope
                 if([01;31m[Kuse_centernet_[m[K) std::vector<landmark> current_landmarks_vec = this->semantic_centernet_data_ass(new_keyframes_[i]);
                    [01;31m[K^~~~~~~~~~~~~~[m[K
[01m[K/home/guillermo/anaconda3/envs/CenterNet/CenterNet/src/ROS/src/workspace/ros/semantic_slam_ws/src/semantic_slam/src/source/ps_graph_slam/semantic_graph_slam.cpp:80:44:[m[K [01;31m[Kerror: [m[Kâ€˜[01m[Kcurrent_landmarks_vec[m[Kâ€™ was not declared in this scope
                 this->empty_landmark_queue([01;31m[Kcurrent_landmarks_vec[m[K,
                                            [01;31m[K^~~~~~~~~~~~~~~~~~~~~[m[K
[01m[K/home/guillermo/anaconda3/envs/CenterNet/CenterNet/src/ROS/src/workspace/ros/semantic_slam_ws/src/semantic_slam/src/source/ps_graph_slam/semantic_graph_slam.cpp:80:44:[m[K [01;36m[Knote: [m[Ksuggested alternative: â€˜[01m[Klandmarks_vec_[m[Kâ€™
                 this->empty_landmark_queue([01;36m[Kcurrent_landmarks_vec[m[K,
                                            [01;36m[K^~~~~~~~~~~~~~~~~~~~~[m[K
                                            [32m[Klandmarks_vec_[m[K
[01m[K/home/guillermo/anaconda3/envs/CenterNet/CenterNet/src/ROS/src/workspace/ros/semantic_slam_ws/src/semantic_slam/src/source/ps_graph_slam/semantic_graph_slam.cpp:[m[K At global scope:
[01m[K/home/guillermo/anaconda3/envs/CenterNet/CenterNet/src/ROS/src/workspace/ros/semantic_slam_ws/src/semantic_slam/src/source/ps_graph_slam/semantic_graph_slam.cpp:163:54:[m[K [01;35m[Kwarning: [m[Kuse of â€˜[01m[Kauto[m[Kâ€™ in parameter declaration only available with -fconcepts
                                                const [01;35m[Kauto[m[K current_keyframe)
                                                      [01;35m[K^~~~[m[K
In file included from [01m[K/home/guillermo/anaconda3/envs/CenterNet/CenterNet/src/ROS/src/workspace/ros/semantic_slam_ws/src/semantic_slam/src/include/semantic_graph_slam_ros.h:72[m[K,
                 from [01m[K/home/guillermo/anaconda3/envs/CenterNet/CenterNet/src/ROS/src/workspace/ros/semantic_slam_ws/src/semantic_slam/src/source/semantic_graph_slam_ros.cpp:1[m[K:
[01m[K/home/guillermo/anaconda3/envs/CenterNet/CenterNet/src/ROS/src/workspace/ros/semantic_slam_ws/src/semantic_slam/src/include/ps_graph_slam/semantic_graph_slam.h:91:37:[m[K [01;35m[Kwarning: [m[Kuse of â€˜[01m[Kauto[m[Kâ€™ in parameter declaration only available with -fconcepts
                               const [01;35m[Kauto[m[K current_keyframe);
                                     [01;35m[K^~~~[m[K
In file included from [01m[K/home/guillermo/anaconda3/envs/CenterNet/CenterNet/src/ROS/src/workspace/ros/semantic_slam_ws/src/semantic_slam/src/source/semantic_graph_slam_ros.cpp:1[m[K:
[01m[K/home/guillermo/anaconda3/envs/CenterNet/CenterNet/src/ROS/src/workspace/ros/semantic_slam_ws/src/semantic_slam/src/include/semantic_graph_slam_ros.h:111:10:[m[K [01;31m[Kerror: [m[Kredeclaration of â€˜[01m[Kbool semantic_graph_slam_ros::use_centernet_[m[Kâ€™
     bool [01;31m[Kuse_centernet_[m[K;
          [01;31m[K^~~~~~~~~~~~~~[m[K
[01m[K/home/guillermo/anaconda3/envs/CenterNet/CenterNet/src/ROS/src/workspace/ros/semantic_slam_ws/src/semantic_slam/src/include/semantic_graph_slam_ros.h:104:10:[m[K [01;36m[Knote: [m[Kprevious declaration â€˜[01m[Kbool semantic_graph_slam_ros::use_centernet_[m[Kâ€™
     bool [01;36m[Kuse_centernet_[m[K;
          [01;36m[K^~~~~~~~~~~~~~[m[K
[01m[K/home/guillermo/anaconda3/envs/CenterNet/CenterNet/src/ROS/src/workspace/ros/semantic_slam_ws/src/semantic_slam/src/source/semantic_graph_slam_ros.cpp:[m[K In member function â€˜[01m[Kvoid semantic_graph_slam_ros::init(ros::NodeHandle)[m[Kâ€™:
[01m[K/home/guillermo/anaconda3/envs/CenterNet/CenterNet/src/ROS/src/workspace/ros/semantic_slam_ws/src/semantic_slam/src/source/semantic_graph_slam_ros.cpp:28:5:[m[K [01;31m[Kerror: [m[Kâ€˜[01m[Kuse_centernet[m[Kâ€™ was not declared in this scope
     [01;31m[Kuse_centernet[m[K = false;
     [01;31m[K^~~~~~~~~~~~~[m[K
[01m[K/home/guillermo/anaconda3/envs/CenterNet/CenterNet/src/ROS/src/workspace/ros/semantic_slam_ws/src/semantic_slam/src/source/semantic_graph_slam_ros.cpp:28:5:[m[K [01;36m[Knote: [m[Ksuggested alternative: â€˜[01m[Kuse_centernet_[m[Kâ€™
     [01;36m[Kuse_centernet[m[K = false;
     [01;36m[K^~~~~~~~~~~~~[m[K
     [32m[Kuse_centernet_[m[K
[01m[K/home/guillermo/anaconda3/envs/CenterNet/CenterNet/src/ROS/src/workspace/ros/semantic_slam_ws/src/semantic_slam/src/source/semantic_graph_slam_ros.cpp:63:55:[m[K [01;31m[Kerror: [m[Kno matching function for call to â€˜[01m[Ksemantic_graph_slam::init(bool&, bool&)[m[Kâ€™
     semantic_gslam_obj_->init(verbose_, use_centernet_[01;31m[K)[m[K;
                                                       [01;31m[K^[m[K
In file included from [01m[K/home/guillermo/anaconda3/envs/CenterNet/CenterNet/src/ROS/src/workspace/ros/semantic_slam_ws/src/semantic_slam/src/include/semantic_graph_slam_ros.h:72[m[K,
                 from [01m[K/home/guillermo/anaconda3/envs/CenterNet/CenterNet/src/ROS/src/workspace/ros/semantic_slam_ws/src/semantic_slam/src/source/semantic_graph_slam_ros.cpp:1[m[K:
[01m[K/home/guillermo/anaconda3/envs/CenterNet/CenterNet/src/ROS/src/workspace/ros/semantic_slam_ws/src/semantic_slam/src/include/ps_graph_slam/semantic_graph_slam.h:39:10:[m[K [01;36m[Knote: [m[Kcandidate: â€˜[01m[Kvoid semantic_graph_slam::init(bool)[m[Kâ€™
     void [01;36m[Kinit[m[K(bool verbose);
          [01;36m[K^~~~[m[K
[01m[K/home/guillermo/anaconda3/envs/CenterNet/CenterNet/src/ROS/src/workspace/ros/semantic_slam_ws/src/semantic_slam/src/include/ps_graph_slam/semantic_graph_slam.h:39:10:[m[K [01;36m[Knote: [m[K  candidate expects 1 argument, 2 provided
make[2]: *** [CMakeFiles/SEMANTIC_SLAM.dir/src/source/ps_graph_slam/semantic_graph_slam.cpp.o] Error 1
make[2]: *** [CMakeFiles/SEMANTIC_SLAM.dir/src/source/semantic_graph_slam_ros.cpp.o] Error 1
make[1]: *** [CMakeFiles/SEMANTIC_SLAM.dir/all] Error 2
make: *** [all] Error 2
