In file included from [01m[K/home/guillermo/anaconda3/envs/CenterNet/CenterNet/src/ROS/src/workspace/ros/semantic_slam_ws/src/semantic_slam/src/source/ps_graph_slam/semantic_graph_slam.cpp:1[m[K:
[01m[K/home/guillermo/anaconda3/envs/CenterNet/CenterNet/src/ROS/src/workspace/ros/semantic_slam_ws/src/semantic_slam/src/include/ps_graph_slam/semantic_graph_slam.h:91:37:[m[K [01;35m[Kwarning: [m[Kuse of â€˜[01m[Kauto[m[Kâ€™ in parameter declaration only available with -fconcepts
                               const [01;35m[Kauto[m[K current_keyframe);
                                     [01;35m[K^~~~[m[K
[01m[K/home/guillermo/anaconda3/envs/CenterNet/CenterNet/src/ROS/src/workspace/ros/semantic_slam_ws/src/semantic_slam/src/source/ps_graph_slam/semantic_graph_slam.cpp:159:54:[m[K [01;35m[Kwarning: [m[Kuse of â€˜[01m[Kauto[m[Kâ€™ in parameter declaration only available with -fconcepts
                                                const [01;35m[Kauto[m[K current_keyframe)
                                                      [01;35m[K^~~~[m[K
[01m[K/home/guillermo/anaconda3/envs/CenterNet/CenterNet/src/ROS/src/workspace/ros/semantic_slam_ws/src/semantic_slam/src/source/ps_graph_slam/semantic_graph_slam.cpp:[m[K In member function â€˜[01m[Kstd::vector<landmark> semantic_graph_slam::semantic_centernet_data_ass(ps_graph_slam::KeyFrame::Ptr)[m[Kâ€™:
[01m[K/home/guillermo/anaconda3/envs/CenterNet/CenterNet/src/ROS/src/workspace/ros/semantic_slam_ws/src/semantic_slam/src/source/ps_graph_slam/semantic_graph_slam.cpp:257:42:[m[K [01;31m[Kerror: [m[Kâ€˜[01m[Krobot_pose[m[Kâ€™ was not declared in this scope
     sem_tool_obj.transformNormalsToWorld([01;31m[Krobot_pose[m[K,
                                          [01;31m[K^~~~~~~~~~[m[K
[01m[K/home/guillermo/anaconda3/envs/CenterNet/CenterNet/src/ROS/src/workspace/ros/semantic_slam_ws/src/semantic_slam/src/source/ps_graph_slam/semantic_graph_slam.cpp:257:42:[m[K [01;36m[Knote: [m[Ksuggested alternative: â€˜[01m[Krobot_pose_[m[Kâ€™
     sem_tool_obj.transformNormalsToWorld([01;36m[Krobot_pose[m[K,
                                          [01;36m[K^~~~~~~~~~[m[K
                                          [32m[Krobot_pose_[m[K
[01m[K/home/guillermo/anaconda3/envs/CenterNet/CenterNet/src/ROS/src/workspace/ros/semantic_slam_ws/src/semantic_slam/src/source/ps_graph_slam/semantic_graph_slam.cpp:259:42:[m[K [01;31m[Kerror: [m[Kâ€˜[01m[Kcam_angle[m[Kâ€™ was not declared in this scope
                                          [01;31m[Kcam_angle[m[K);
                                          [01;31m[K^~~~~~~~~[m[K
[01m[K/home/guillermo/anaconda3/envs/CenterNet/CenterNet/src/ROS/src/workspace/ros/semantic_slam_ws/src/semantic_slam/src/source/ps_graph_slam/semantic_graph_slam.cpp:259:42:[m[K [01;36m[Knote: [m[Ksuggested alternative: â€˜[01m[Kcam_angle_[m[Kâ€™
                                          [01;36m[Kcam_angle[m[K);
                                          [01;36m[K^~~~~~~~~[m[K
                                          [32m[Kcam_angle_[m[K
[01m[K/home/guillermo/anaconda3/envs/CenterNet/CenterNet/src/ROS/src/workspace/ros/semantic_slam_ws/src/semantic_slam/src/source/ps_graph_slam/semantic_graph_slam.cpp:272:63:[m[K [01;31m[Kerror: [m[Kâ€˜[01m[Ksensor_msgs::PointCloud2[m[Kâ€™ {aka â€˜[01m[Kstruct sensor_msgs::PointCloud2_<std::allocator<void> >[m[Kâ€™} has no member named â€˜[01m[Kpoints[m[Kâ€™
         geometry_msgs::Point32 object_point = point_cloud_msg.[01;31m[Kpoints[m[K[i];
                                                               [01;31m[K^~~~~~[m[K
[01m[K/home/guillermo/anaconda3/envs/CenterNet/CenterNet/src/ROS/src/workspace/ros/semantic_slam_ws/src/semantic_slam/src/source/ps_graph_slam/semantic_graph_slam.cpp:282:73:[m[K [01;31m[Kerror: [m[Kâ€˜[01m[Kstruct detected_object[m[Kâ€™ has no member named â€˜[01m[Kpoint[m[Kâ€™
         Eigen::Vector4f point_world_frame = transformation_mat * object.[01;31m[Kpoint[m[K;
                                                                         [01;31m[K^~~~~[m[K
[01m[K/home/guillermo/anaconda3/envs/CenterNet/CenterNet/src/ROS/src/workspace/ros/semantic_slam_ws/src/semantic_slam/src/source/ps_graph_slam/semantic_graph_slam.cpp:287:38:[m[K [01;31m[Kerror: [m[Kexpected â€˜[01m[K;[m[Kâ€™ before â€˜[01m[K}[m[Kâ€™ token
         seg_obj_vec.push_back(object)
                                      [01;31m[K^[m[K
                                      [32m[K;[m[K
     [32m[K}[m[K
     [32m[K~[m[K                                 
In file included from [01m[K/home/guillermo/anaconda3/envs/CenterNet/CenterNet/src/ROS/src/workspace/ros/semantic_slam_ws/src/semantic_slam/src/include/semantic_graph_slam_ros.h:72[m[K,
                 from [01m[K/home/guillermo/anaconda3/envs/CenterNet/CenterNet/src/ROS/src/workspace/ros/semantic_slam_ws/src/semantic_slam/src/source/semantic_graph_slam_ros.cpp:1[m[K:
[01m[K/home/guillermo/anaconda3/envs/CenterNet/CenterNet/src/ROS/src/workspace/ros/semantic_slam_ws/src/semantic_slam/src/include/ps_graph_slam/semantic_graph_slam.h:91:37:[m[K [01;35m[Kwarning: [m[Kuse of â€˜[01m[Kauto[m[Kâ€™ in parameter declaration only available with -fconcepts
                               const [01;35m[Kauto[m[K current_keyframe);
                                     [01;35m[K^~~~[m[K
make[2]: *** [CMakeFiles/SEMANTIC_SLAM.dir/src/source/ps_graph_slam/semantic_graph_slam.cpp.o] Error 1
make[2]: *** Se espera a que terminen otras tareas....
make[1]: *** [CMakeFiles/SEMANTIC_SLAM.dir/all] Error 2
make: *** [all] Error 2
